<?xml version="1.0" encoding="UTF-8" ?>
<testsuite tests="31" failures="1" name="edu.uw.cs.FlightServiceTest" time="159.971" errors="0" skipped="0">
  <properties>
[...]
</properties>
  <testcase classname="edu.uw.cs.FlightServiceTest" name="runTest[0]" time="1.038"/>
  <testcase classname="edu.uw.cs.FlightServiceTest" name="runTest[1]" time="1.064"/>
  <testcase classname="edu.uw.cs.FlightServiceTest" name="runTest[2]" time="0.852"/>
  <testcase classname="edu.uw.cs.FlightServiceTest" name="runTest[3]" time="3.102"/>
  <testcase classname="edu.uw.cs.FlightServiceTest" name="runTest[4]" time="3.107"/>
  <testcase classname="edu.uw.cs.FlightServiceTest" name="runTest[5]" time="22.04"/>
  <testcase classname="edu.uw.cs.FlightServiceTest" name="runTest[6]" time="0.628"/>
  <testcase classname="edu.uw.cs.FlightServiceTest" name="runTest[7]" time="3.428"/>
  <testcase classname="edu.uw.cs.FlightServiceTest" name="runTest[8]" time="0.557"/>
  <testcase classname="edu.uw.cs.FlightServiceTest" name="runTest[9]" time="6.532"/>
  <testcase classname="edu.uw.cs.FlightServiceTest" name="runTest[10]" time="6.22"/>
  <testcase classname="edu.uw.cs.FlightServiceTest" name="runTest[11]" time="3.202"/>
  <testcase classname="edu.uw.cs.FlightServiceTest" name="runTest[12]" time="3.599"/>
  <testcase classname="edu.uw.cs.FlightServiceTest" name="runTest[13]" time="0.906"/>
  <testcase classname="edu.uw.cs.FlightServiceTest" name="runTest[14]" time="12.816"/>
  <testcase classname="edu.uw.cs.FlightServiceTest" name="runTest[15]" time="0.631"/>
  <testcase classname="edu.uw.cs.FlightServiceTest" name="runTest[16]" time="22.8">
    <failure message="Failed: actual outputs for /homes/iws/mayki/cse344-hw6-mayki/hw6/submission/starter-code/cases/book_2UsersSameFlight.txt were: 
[Created user user1
Logged in as user1
Itinerary 0: 1 flight(s), 273 minutes
ID: 131239 Day: 6 Carrier: DL Number: 292 Origin: Kahului HI Dest: Los Angeles CA Duration: 273 Capacity: 14 Price: 689
Itinerary 1: 1 flight(s), 282 minutes
ID: 887205 Day: 6 Carrier: HA Number: 56 Origin: Kahului HI Dest: Los Angeles CA Duration: 282 Capacity: 0 Price: 645
Itinerary 2: 1 flight(s), 287 minutes
ID: 636257 Day: 6 Carrier: AA Number: 254 Origin: Kahului HI Dest: Los Angeles CA Duration: 287 Capacity: 17 Price: 994
Itinerary 3: 1 flight(s), 287 minutes
ID: 1016624 Day: 6 Carrier: UA Number: 1281 Origin: Kahului HI Dest: Los Angeles CA Duration: 287 Capacity: 11 Price: 375
Itinerary 4: 1 flight(s), 294 minutes
ID: 761713 Day: 6 Carrier: DL Number: 2116 Origin: Kahului HI Dest: Los Angeles CA Duration: 294 Capacity: 13 Price: 967
Itinerary 5: 1 flight(s), 296 minutes
ID: 3087 Day: 6 Carrier: AA Number: 254 Origin: Kahului HI Dest: Los Angeles CA Duration: 296 Capacity: 1 Price: 857
Itinerary 6: 1 flight(s), 297 minutes
ID: 285 Day: 6 Carrier: AA Number: 14 Origin: Kahului HI Dest: Los Angeles CA Duration: 297 Capacity: 10 Price: 209
Booked flight(s), reservation ID: 1
Goodbye
, Created user user2
Logged in as user2
Itinerary 0: 1 flight(s), 273 minutes
ID: 131239 Day: 6 Carrier: DL Number: 292 Origin: Kahului HI Dest: Los Angeles CA Duration: 273 Capacity: 14 Price: 689
Itinerary 1: 1 flight(s), 282 minutes
ID: 887205 Day: 6 Carrier: HA Number: 56 Origin: Kahului HI Dest: Los Angeles CA Duration: 282 Capacity: 0 Price: 645
Itinerary 2: 1 flight(s), 287 minutes
ID: 636257 Day: 6 Carrier: AA Number: 254 Origin: Kahului HI Dest: Los Angeles CA Duration: 287 Capacity: 17 Price: 994
Itinerary 3: 1 flight(s), 287 minutes
ID: 1016624 Day: 6 Carrier: UA Number: 1281 Origin: Kahului HI Dest: Los Angeles CA Duration: 287 Capacity: 11 Price: 375
Itinerary 4: 1 flight(s), 294 minutes
ID: 761713 Day: 6 Carrier: DL Number: 2116 Origin: Kahului HI Dest: Los Angeles CA Duration: 294 Capacity: 13 Price: 967
Itinerary 5: 1 flight(s), 296 minutes
ID: 3087 Day: 6 Carrier: AA Number: 254 Origin: Kahului HI Dest: Los Angeles CA Duration: 296 Capacity: 1 Price: 857
Itinerary 6: 1 flight(s), 297 minutes
ID: 285 Day: 6 Carrier: AA Number: 14 Origin: Kahului HI Dest: Los Angeles CA Duration: 297 Capacity: 10 Price: 209
Booked flight(s), reservation ID: 2
Goodbye
]

Possible outcomes were: 
===== Outcome 0 =====
[Created user user1
Logged in as user1
Itinerary 0: 1 flight(s), 273 minutes
ID: 131239 Day: 6 Carrier: DL Number: 292 Origin: Kahului HI Dest: Los Angeles CA Duration: 273 Capacity: 14 Price: 689
Itinerary 1: 1 flight(s), 282 minutes
ID: 887205 Day: 6 Carrier: HA Number: 56 Origin: Kahului HI Dest: Los Angeles CA Duration: 282 Capacity: 0 Price: 645
Itinerary 2: 1 flight(s), 287 minutes
ID: 636257 Day: 6 Carrier: AA Number: 254 Origin: Kahului HI Dest: Los Angeles CA Duration: 287 Capacity: 17 Price: 994
Itinerary 3: 1 flight(s), 287 minutes
ID: 1016624 Day: 6 Carrier: UA Number: 1281 Origin: Kahului HI Dest: Los Angeles CA Duration: 287 Capacity: 11 Price: 375
Itinerary 4: 1 flight(s), 294 minutes
ID: 761713 Day: 6 Carrier: DL Number: 2116 Origin: Kahului HI Dest: Los Angeles CA Duration: 294 Capacity: 13 Price: 967
Itinerary 5: 1 flight(s), 296 minutes
ID: 3087 Day: 6 Carrier: AA Number: 254 Origin: Kahului HI Dest: Los Angeles CA Duration: 296 Capacity: 1 Price: 857
Itinerary 6: 1 flight(s), 297 minutes
ID: 285 Day: 6 Carrier: AA Number: 14 Origin: Kahului HI Dest: Los Angeles CA Duration: 297 Capacity: 10 Price: 209
Booking failed
Goodbye
, Created user user2
Logged in as user2
Itinerary 0: 1 flight(s), 273 minutes
ID: 131239 Day: 6 Carrier: DL Number: 292 Origin: Kahului HI Dest: Los Angeles CA Duration: 273 Capacity: 14 Price: 689
Itinerary 1: 1 flight(s), 282 minutes
ID: 887205 Day: 6 Carrier: HA Number: 56 Origin: Kahului HI Dest: Los Angeles CA Duration: 282 Capacity: 0 Price: 645
Itinerary 2: 1 flight(s), 287 minutes
ID: 636257 Day: 6 Carrier: AA Number: 254 Origin: Kahului HI Dest: Los Angeles CA Duration: 287 Capacity: 17 Price: 994
Itinerary 3: 1 flight(s), 287 minutes
ID: 1016624 Day: 6 Carrier: UA Number: 1281 Origin: Kahului HI Dest: Los Angeles CA Duration: 287 Capacity: 11 Price: 375
Itinerary 4: 1 flight(s), 294 minutes
ID: 761713 Day: 6 Carrier: DL Number: 2116 Origin: Kahului HI Dest: Los Angeles CA Duration: 294 Capacity: 13 Price: 967
Itinerary 5: 1 flight(s), 296 minutes
ID: 3087 Day: 6 Carrier: AA Number: 254 Origin: Kahului HI Dest: Los Angeles CA Duration: 296 Capacity: 1 Price: 857
Itinerary 6: 1 flight(s), 297 minutes
ID: 285 Day: 6 Carrier: AA Number: 14 Origin: Kahului HI Dest: Los Angeles CA Duration: 297 Capacity: 10 Price: 209
Booked flight(s), reservation ID: 1
Goodbye
]
===== Outcome 1 =====
[Created user user1
Logged in as user1
Itinerary 0: 1 flight(s), 273 minutes
ID: 131239 Day: 6 Carrier: DL Number: 292 Origin: Kahului HI Dest: Los Angeles CA Duration: 273 Capacity: 14 Price: 689
Itinerary 1: 1 flight(s), 282 minutes
ID: 887205 Day: 6 Carrier: HA Number: 56 Origin: Kahului HI Dest: Los Angeles CA Duration: 282 Capacity: 0 Price: 645
Itinerary 2: 1 flight(s), 287 minutes
ID: 636257 Day: 6 Carrier: AA Number: 254 Origin: Kahului HI Dest: Los Angeles CA Duration: 287 Capacity: 17 Price: 994
Itinerary 3: 1 flight(s), 287 minutes
ID: 1016624 Day: 6 Carrier: UA Number: 1281 Origin: Kahului HI Dest: Los Angeles CA Duration: 287 Capacity: 11 Price: 375
Itinerary 4: 1 flight(s), 294 minutes
ID: 761713 Day: 6 Carrier: DL Number: 2116 Origin: Kahului HI Dest: Los Angeles CA Duration: 294 Capacity: 13 Price: 967
Itinerary 5: 1 flight(s), 296 minutes
ID: 3087 Day: 6 Carrier: AA Number: 254 Origin: Kahului HI Dest: Los Angeles CA Duration: 296 Capacity: 1 Price: 857
Itinerary 6: 1 flight(s), 297 minutes
ID: 285 Day: 6 Carrier: AA Number: 14 Origin: Kahului HI Dest: Los Angeles CA Duration: 297 Capacity: 10 Price: 209
Booked flight(s), reservation ID: 1
Goodbye
, Created user user2
Logged in as user2
Itinerary 0: 1 flight(s), 273 minutes
ID: 131239 Day: 6 Carrier: DL Number: 292 Origin: Kahului HI Dest: Los Angeles CA Duration: 273 Capacity: 14 Price: 689
Itinerary 1: 1 flight(s), 282 minutes
ID: 887205 Day: 6 Carrier: HA Number: 56 Origin: Kahului HI Dest: Los Angeles CA Duration: 282 Capacity: 0 Price: 645
Itinerary 2: 1 flight(s), 287 minutes
ID: 636257 Day: 6 Carrier: AA Number: 254 Origin: Kahului HI Dest: Los Angeles CA Duration: 287 Capacity: 17 Price: 994
Itinerary 3: 1 flight(s), 287 minutes
ID: 1016624 Day: 6 Carrier: UA Number: 1281 Origin: Kahului HI Dest: Los Angeles CA Duration: 287 Capacity: 11 Price: 375
Itinerary 4: 1 flight(s), 294 minutes
ID: 761713 Day: 6 Carrier: DL Number: 2116 Origin: Kahului HI Dest: Los Angeles CA Duration: 294 Capacity: 13 Price: 967
Itinerary 5: 1 flight(s), 296 minutes
ID: 3087 Day: 6 Carrier: AA Number: 254 Origin: Kahului HI Dest: Los Angeles CA Duration: 296 Capacity: 1 Price: 857
Itinerary 6: 1 flight(s), 297 minutes
ID: 285 Day: 6 Carrier: AA Number: 14 Origin: Kahului HI Dest: Los Angeles CA Duration: 297 Capacity: 10 Price: 209
Booking failed
Goodbye
]
" type="java.lang.AssertionError">java.lang.AssertionError: Failed: actual outputs for /homes/iws/mayki/cse344-hw6-mayki/hw6/submission/starter-code/cases/book_2UsersSameFlight.txt were: 
[Created user user1
Logged in as user1
Itinerary 0: 1 flight(s), 273 minutes
ID: 131239 Day: 6 Carrier: DL Number: 292 Origin: Kahului HI Dest: Los Angeles CA Duration: 273 Capacity: 14 Price: 689
Itinerary 1: 1 flight(s), 282 minutes
ID: 887205 Day: 6 Carrier: HA Number: 56 Origin: Kahului HI Dest: Los Angeles CA Duration: 282 Capacity: 0 Price: 645
Itinerary 2: 1 flight(s), 287 minutes
ID: 636257 Day: 6 Carrier: AA Number: 254 Origin: Kahului HI Dest: Los Angeles CA Duration: 287 Capacity: 17 Price: 994
Itinerary 3: 1 flight(s), 287 minutes
ID: 1016624 Day: 6 Carrier: UA Number: 1281 Origin: Kahului HI Dest: Los Angeles CA Duration: 287 Capacity: 11 Price: 375
Itinerary 4: 1 flight(s), 294 minutes
ID: 761713 Day: 6 Carrier: DL Number: 2116 Origin: Kahului HI Dest: Los Angeles CA Duration: 294 Capacity: 13 Price: 967
Itinerary 5: 1 flight(s), 296 minutes
ID: 3087 Day: 6 Carrier: AA Number: 254 Origin: Kahului HI Dest: Los Angeles CA Duration: 296 Capacity: 1 Price: 857
Itinerary 6: 1 flight(s), 297 minutes
ID: 285 Day: 6 Carrier: AA Number: 14 Origin: Kahului HI Dest: Los Angeles CA Duration: 297 Capacity: 10 Price: 209
Booked flight(s), reservation ID: 1
Goodbye
, Created user user2
Logged in as user2
Itinerary 0: 1 flight(s), 273 minutes
ID: 131239 Day: 6 Carrier: DL Number: 292 Origin: Kahului HI Dest: Los Angeles CA Duration: 273 Capacity: 14 Price: 689
Itinerary 1: 1 flight(s), 282 minutes
ID: 887205 Day: 6 Carrier: HA Number: 56 Origin: Kahului HI Dest: Los Angeles CA Duration: 282 Capacity: 0 Price: 645
Itinerary 2: 1 flight(s), 287 minutes
ID: 636257 Day: 6 Carrier: AA Number: 254 Origin: Kahului HI Dest: Los Angeles CA Duration: 287 Capacity: 17 Price: 994
Itinerary 3: 1 flight(s), 287 minutes
ID: 1016624 Day: 6 Carrier: UA Number: 1281 Origin: Kahului HI Dest: Los Angeles CA Duration: 287 Capacity: 11 Price: 375
Itinerary 4: 1 flight(s), 294 minutes
ID: 761713 Day: 6 Carrier: DL Number: 2116 Origin: Kahului HI Dest: Los Angeles CA Duration: 294 Capacity: 13 Price: 967
Itinerary 5: 1 flight(s), 296 minutes
ID: 3087 Day: 6 Carrier: AA Number: 254 Origin: Kahului HI Dest: Los Angeles CA Duration: 296 Capacity: 1 Price: 857
Itinerary 6: 1 flight(s), 297 minutes
ID: 285 Day: 6 Carrier: AA Number: 14 Origin: Kahului HI Dest: Los Angeles CA Duration: 297 Capacity: 10 Price: 209
Booked flight(s), reservation ID: 2
Goodbye
]

Possible outcomes were: 
===== Outcome 0 =====
[Created user user1
Logged in as user1
Itinerary 0: 1 flight(s), 273 minutes
ID: 131239 Day: 6 Carrier: DL Number: 292 Origin: Kahului HI Dest: Los Angeles CA Duration: 273 Capacity: 14 Price: 689
Itinerary 1: 1 flight(s), 282 minutes
ID: 887205 Day: 6 Carrier: HA Number: 56 Origin: Kahului HI Dest: Los Angeles CA Duration: 282 Capacity: 0 Price: 645
Itinerary 2: 1 flight(s), 287 minutes
ID: 636257 Day: 6 Carrier: AA Number: 254 Origin: Kahului HI Dest: Los Angeles CA Duration: 287 Capacity: 17 Price: 994
Itinerary 3: 1 flight(s), 287 minutes
ID: 1016624 Day: 6 Carrier: UA Number: 1281 Origin: Kahului HI Dest: Los Angeles CA Duration: 287 Capacity: 11 Price: 375
Itinerary 4: 1 flight(s), 294 minutes
ID: 761713 Day: 6 Carrier: DL Number: 2116 Origin: Kahului HI Dest: Los Angeles CA Duration: 294 Capacity: 13 Price: 967
Itinerary 5: 1 flight(s), 296 minutes
ID: 3087 Day: 6 Carrier: AA Number: 254 Origin: Kahului HI Dest: Los Angeles CA Duration: 296 Capacity: 1 Price: 857
Itinerary 6: 1 flight(s), 297 minutes
ID: 285 Day: 6 Carrier: AA Number: 14 Origin: Kahului HI Dest: Los Angeles CA Duration: 297 Capacity: 10 Price: 209
Booking failed
Goodbye
, Created user user2
Logged in as user2
Itinerary 0: 1 flight(s), 273 minutes
ID: 131239 Day: 6 Carrier: DL Number: 292 Origin: Kahului HI Dest: Los Angeles CA Duration: 273 Capacity: 14 Price: 689
Itinerary 1: 1 flight(s), 282 minutes
ID: 887205 Day: 6 Carrier: HA Number: 56 Origin: Kahului HI Dest: Los Angeles CA Duration: 282 Capacity: 0 Price: 645
Itinerary 2: 1 flight(s), 287 minutes
ID: 636257 Day: 6 Carrier: AA Number: 254 Origin: Kahului HI Dest: Los Angeles CA Duration: 287 Capacity: 17 Price: 994
Itinerary 3: 1 flight(s), 287 minutes
ID: 1016624 Day: 6 Carrier: UA Number: 1281 Origin: Kahului HI Dest: Los Angeles CA Duration: 287 Capacity: 11 Price: 375
Itinerary 4: 1 flight(s), 294 minutes
ID: 761713 Day: 6 Carrier: DL Number: 2116 Origin: Kahului HI Dest: Los Angeles CA Duration: 294 Capacity: 13 Price: 967
Itinerary 5: 1 flight(s), 296 minutes
ID: 3087 Day: 6 Carrier: AA Number: 254 Origin: Kahului HI Dest: Los Angeles CA Duration: 296 Capacity: 1 Price: 857
Itinerary 6: 1 flight(s), 297 minutes
ID: 285 Day: 6 Carrier: AA Number: 14 Origin: Kahului HI Dest: Los Angeles CA Duration: 297 Capacity: 10 Price: 209
Booked flight(s), reservation ID: 1
Goodbye
]
===== Outcome 1 =====
[Created user user1
Logged in as user1
Itinerary 0: 1 flight(s), 273 minutes
ID: 131239 Day: 6 Carrier: DL Number: 292 Origin: Kahului HI Dest: Los Angeles CA Duration: 273 Capacity: 14 Price: 689
Itinerary 1: 1 flight(s), 282 minutes
ID: 887205 Day: 6 Carrier: HA Number: 56 Origin: Kahului HI Dest: Los Angeles CA Duration: 282 Capacity: 0 Price: 645
Itinerary 2: 1 flight(s), 287 minutes
ID: 636257 Day: 6 Carrier: AA Number: 254 Origin: Kahului HI Dest: Los Angeles CA Duration: 287 Capacity: 17 Price: 994
Itinerary 3: 1 flight(s), 287 minutes
ID: 1016624 Day: 6 Carrier: UA Number: 1281 Origin: Kahului HI Dest: Los Angeles CA Duration: 287 Capacity: 11 Price: 375
Itinerary 4: 1 flight(s), 294 minutes
ID: 761713 Day: 6 Carrier: DL Number: 2116 Origin: Kahului HI Dest: Los Angeles CA Duration: 294 Capacity: 13 Price: 967
Itinerary 5: 1 flight(s), 296 minutes
ID: 3087 Day: 6 Carrier: AA Number: 254 Origin: Kahului HI Dest: Los Angeles CA Duration: 296 Capacity: 1 Price: 857
Itinerary 6: 1 flight(s), 297 minutes
ID: 285 Day: 6 Carrier: AA Number: 14 Origin: Kahului HI Dest: Los Angeles CA Duration: 297 Capacity: 10 Price: 209
Booked flight(s), reservation ID: 1
Goodbye
, Created user user2
Logged in as user2
Itinerary 0: 1 flight(s), 273 minutes
ID: 131239 Day: 6 Carrier: DL Number: 292 Origin: Kahului HI Dest: Los Angeles CA Duration: 273 Capacity: 14 Price: 689
Itinerary 1: 1 flight(s), 282 minutes
ID: 887205 Day: 6 Carrier: HA Number: 56 Origin: Kahului HI Dest: Los Angeles CA Duration: 282 Capacity: 0 Price: 645
Itinerary 2: 1 flight(s), 287 minutes
ID: 636257 Day: 6 Carrier: AA Number: 254 Origin: Kahului HI Dest: Los Angeles CA Duration: 287 Capacity: 17 Price: 994
Itinerary 3: 1 flight(s), 287 minutes
ID: 1016624 Day: 6 Carrier: UA Number: 1281 Origin: Kahului HI Dest: Los Angeles CA Duration: 287 Capacity: 11 Price: 375
Itinerary 4: 1 flight(s), 294 minutes
ID: 761713 Day: 6 Carrier: DL Number: 2116 Origin: Kahului HI Dest: Los Angeles CA Duration: 294 Capacity: 13 Price: 967
Itinerary 5: 1 flight(s), 296 minutes
ID: 3087 Day: 6 Carrier: AA Number: 254 Origin: Kahului HI Dest: Los Angeles CA Duration: 296 Capacity: 1 Price: 857
Itinerary 6: 1 flight(s), 297 minutes
ID: 285 Day: 6 Carrier: AA Number: 14 Origin: Kahului HI Dest: Los Angeles CA Duration: 297 Capacity: 10 Price: 209
Booking failed
Goodbye
]

	at org.junit.Assert.fail(Assert.java:88)
	at org.junit.Assert.assertTrue(Assert.java:41)
	at edu.uw.cs.FlightServiceTest.runTest(FlightServiceTest.java:250)
	at jdk.internal.reflect.GeneratedMethodAccessor2.invoke(Unknown Source)
	at java.base/jdk.internal.reflect.DelegatingMethodAccessorImpl.invoke(DelegatingMethodAccessorImpl.java:43)
	at java.base/java.lang.reflect.Method.invoke(Method.java:566)
	at org.junit.runners.model.FrameworkMethod$1.runReflectiveCall(FrameworkMethod.java:50)
	at org.junit.internal.runners.model.ReflectiveCallable.run(ReflectiveCallable.java:12)
	at org.junit.runners.model.FrameworkMethod.invokeExplosively(FrameworkMethod.java:47)
	at org.junit.internal.runners.statements.InvokeMethod.evaluate(InvokeMethod.java:17)
	at org.junit.internal.runners.statements.RunBefores.evaluate(RunBefores.java:26)
	at org.junit.runners.ParentRunner.runLeaf(ParentRunner.java:325)
	at org.junit.runners.BlockJUnit4ClassRunner.runChild(BlockJUnit4ClassRunner.java:78)
	at org.junit.runners.BlockJUnit4ClassRunner.runChild(BlockJUnit4ClassRunner.java:57)
	at org.junit.runners.ParentRunner$3.run(ParentRunner.java:290)
	at org.junit.runners.ParentRunner$1.schedule(ParentRunner.java:71)
	at org.junit.runners.ParentRunner.runChildren(ParentRunner.java:288)
	at org.junit.runners.ParentRunner.access$000(ParentRunner.java:58)
	at org.junit.runners.ParentRunner$2.evaluate(ParentRunner.java:268)
	at org.junit.runners.ParentRunner.run(ParentRunner.java:363)
	at org.junit.runners.Suite.runChild(Suite.java:128)
	at org.junit.runners.Suite.runChild(Suite.java:27)
	at org.junit.runners.ParentRunner$3.run(ParentRunner.java:290)
	at org.junit.runners.ParentRunner$1.schedule(ParentRunner.java:71)
	at org.junit.runners.ParentRunner.runChildren(ParentRunner.java:288)
	at org.junit.runners.ParentRunner.access$000(ParentRunner.java:58)
	at org.junit.runners.ParentRunner$2.evaluate(ParentRunner.java:268)
	at org.junit.internal.runners.statements.RunBefores.evaluate(RunBefores.java:26)
	at org.junit.runners.ParentRunner.run(ParentRunner.java:363)
	at org.apache.maven.surefire.junit4.JUnit4Provider.execute(JUnit4Provider.java:252)
	at org.apache.maven.surefire.junit4.JUnit4Provider.executeTestSet(JUnit4Provider.java:141)
	at org.apache.maven.surefire.junit4.JUnit4Provider.invoke(JUnit4Provider.java:112)
	at java.base/jdk.internal.reflect.NativeMethodAccessorImpl.invoke0(Native Method)
	at java.base/jdk.internal.reflect.NativeMethodAccessorImpl.invoke(NativeMethodAccessorImpl.java:62)
	at java.base/jdk.internal.reflect.DelegatingMethodAccessorImpl.invoke(DelegatingMethodAccessorImpl.java:43)
	at java.base/java.lang.reflect.Method.invoke(Method.java:566)
	at org.apache.maven.surefire.util.ReflectionUtils.invokeMethodWithArray(ReflectionUtils.java:189)
	at org.apache.maven.surefire.booter.ProviderFactory$ProviderProxy.invoke(ProviderFactory.java:165)
	at org.apache.maven.surefire.booter.ProviderFactory.invokeProvider(ProviderFactory.java:85)
	at org.apache.maven.surefire.booter.ForkedBooter.runSuitesInProcess(ForkedBooter.java:115)
	at org.apache.maven.surefire.booter.ForkedBooter.main(ForkedBooter.java:75)
</failure>
    <system-out>running test scenario: /homes/iws/mayki/cse344-hw6-mayki/hw6/submission/starter-code/cases/book_2UsersSameFlight.txt
failed
</system-out>
  </testcase>
  <testcase classname="edu.uw.cs.FlightServiceTest" name="runTest[17]" time="3.624"/>
  <testcase classname="edu.uw.cs.FlightServiceTest" name="runTest[18]" time="2.904"/>
  <testcase classname="edu.uw.cs.FlightServiceTest" name="runTest[19]" time="3.39"/>
  <testcase classname="edu.uw.cs.FlightServiceTest" name="runTest[20]" time="21.657"/>
  <testcase classname="edu.uw.cs.FlightServiceTest" name="runTest[21]" time="0.422"/>
  <testcase classname="edu.uw.cs.FlightServiceTest" name="runTest[22]" time="7.021"/>
  <testcase classname="edu.uw.cs.FlightServiceTest" name="runTest[23]" time="0.687"/>
  <testcase classname="edu.uw.cs.FlightServiceTest" name="runTest[24]" time="3.247"/>
  <testcase classname="edu.uw.cs.FlightServiceTest" name="runTest[25]" time="0.812"/>
  <testcase classname="edu.uw.cs.FlightServiceTest" name="runTest[26]" time="3.268"/>
  <testcase classname="edu.uw.cs.FlightServiceTest" name="runTest[27]" time="11.081"/>
  <testcase classname="edu.uw.cs.FlightServiceTest" name="runTest[28]" time="3.198"/>
  <testcase classname="edu.uw.cs.FlightServiceTest" name="runTest[29]" time="2.887"/>
  <testcase classname="edu.uw.cs.FlightServiceTest" name="runTest[30]" time="3.251"/>
</testsuite>